<?xml version="1.0" encoding="UTF-8"?>
<!-- Generated by org.testng.reporters.JUnitReportReporter -->
<testsuite hostname="USER-15" failures="0" tests="1" name="testcases.RestAssured_TestCases_PL1" time="3.350" errors="0" timestamp="2025-01-22T14:20:27 IST" skipped="0">
  <testcase classname="testcases.RestAssured_TestCases_PL1" name="getAdmittedPatientData" time="3.350"/>
</testsuite> <!-- testcases.RestAssured_TestCases_PL1 -->
